Copyright 1986-2022 Xilinx, Inc. All Rights Reserved. Copyright 2022-2024 Advanced Micro Devices, Inc. All Rights Reserved.
---------------------------------------------------------------------------------------------------------------------------------------------
| Tool Version : Vivado v.2024.1 (lin64) Build 5076996 Wed May 22 18:36:09 MDT 2024
| Date         : Thu Nov 14 00:11:47 2024
| Host         : eecs-digital-28 running 64-bit Ubuntu 24.04.1 LTS
| Command      : report_timing -file obj/post_synth_timing.rpt
| Design       : top_level
| Device       : 7s50-csga324
| Speed File   : -1  PRODUCTION 1.23 2018-06-13
| Design State : Synthesized
---------------------------------------------------------------------------------------------------------------------------------------------

Timing Report

Slack (MET) :             1.015ns  (required time - arrival time)
  Source:                 mssc/segment_counter_reg[5]/C
                            (rising edge-triggered cell FDRE clocked by gclk  {rise@0.000ns fall@4.000ns period=5.000ns})
  Destination:            mssc/segment_counter_reg[0]/R
                            (rising edge-triggered cell FDRE clocked by gclk  {rise@0.000ns fall@4.000ns period=5.000ns})
  Path Group:             gclk
  Path Type:              Setup (Max at Slow Process Corner)
  Requirement:            5.000ns  (gclk rise@5.000ns - gclk rise@0.000ns)
  Data Path Delay:        3.372ns  (logic 0.875ns (25.949%)  route 2.497ns (74.051%))
  Logic Levels:           2  (LUT4=1 LUT5=1)
  Clock Path Skew:        -0.145ns (DCD - SCD + CPR)
    Destination Clock Delay (DCD):    2.876ns = ( 7.876 - 5.000 ) 
    Source Clock Delay      (SCD):    3.136ns
    Clock Pessimism Removal (CPR):    0.115ns
  Clock Uncertainty:      0.035ns  ((TSJ^2 + TIJ^2)^1/2 + DJ) / 2 + PE
    Total System Jitter     (TSJ):    0.071ns
    Total Input Jitter      (TIJ):    0.000ns
    Discrete Jitter          (DJ):    0.000ns
    Phase Error              (PE):    0.000ns

    Location             Delay type                Incr(ns)  Path(ns)    Netlist Resource(s)
  -------------------------------------------------------------------    -------------------
                         (clock gclk rise edge)       0.000     0.000 r  
    N15                                               0.000     0.000 r  clk (IN)
                         net (fo=0)                   0.000     0.000    clk
    N15                  IBUF (Prop_ibuf_I_O)         1.440     1.440 r  clk_IBUF_inst/O
                         net (fo=1, unplaced)         0.800     2.240    tx_clk_OBUF
                         BUFG (Prop_bufg_I_O)         0.096     2.336 r  tx_clk_OBUF_BUFG_inst/O
                         net (fo=29, unplaced)        0.800     3.136    mssc/CLK
                         FDRE                                         r  mssc/segment_counter_reg[5]/C
  -------------------------------------------------------------------    -------------------
                         FDRE (Prop_fdre_C_Q)         0.456     3.592 r  mssc/segment_counter_reg[5]/Q
                         net (fo=2, unplaced)         0.752     4.344    mssc/segment_counter_reg[5]
                         LUT4 (Prop_lut4_I1_O)        0.295     4.639 f  mssc/window[2]_i_5/O
                         net (fo=2, unplaced)         0.913     5.552    mssc/window[2]_i_5_n_0
                         LUT5 (Prop_lut5_I2_O)        0.124     5.676 r  mssc/segment_counter[0]_i_1/O
                         net (fo=17, unplaced)        0.832     6.508    mssc/segment_counter[0]_i_1_n_0
                         FDRE                                         r  mssc/segment_counter_reg[0]/R
  -------------------------------------------------------------------    -------------------

                         (clock gclk rise edge)       5.000     5.000 r  
    N15                                               0.000     5.000 r  clk (IN)
                         net (fo=0)                   0.000     5.000    clk
    N15                  IBUF (Prop_ibuf_I_O)         1.370     6.370 r  clk_IBUF_inst/O
                         net (fo=1, unplaced)         0.760     7.130    tx_clk_OBUF
                         BUFG (Prop_bufg_I_O)         0.091     7.221 r  tx_clk_OBUF_BUFG_inst/O
                         net (fo=29, unplaced)        0.655     7.876    mssc/CLK
                         FDRE                                         r  mssc/segment_counter_reg[0]/C
                         clock pessimism              0.115     7.991    
                         clock uncertainty           -0.035     7.955    
                         FDRE (Setup_fdre_C_R)       -0.433     7.522    mssc/segment_counter_reg[0]
  -------------------------------------------------------------------
                         required time                          7.522    
                         arrival time                          -6.508    
  -------------------------------------------------------------------
                         slack                                  1.015    




