Copyright 1986-2022 Xilinx, Inc. All Rights Reserved. Copyright 2022-2024 Advanced Micro Devices, Inc. All Rights Reserved.
---------------------------------------------------------------------------------------------------------------------------------------------
| Tool Version : Vivado v.2024.1 (lin64) Build 5076996 Wed May 22 18:36:09 MDT 2024
| Date         : Wed Dec  4 15:55:24 2024
| Host         : eecs-digital-34 running 64-bit Ubuntu 24.04.1 LTS
| Command      : report_utilization -file obj/post_synth_util.rpt -hierarchical -hierarchical_depth 4
| Design       : top_level
| Device       : xc7s50csga324-1
| Speed File   : -1
| Design State : Synthesized
---------------------------------------------------------------------------------------------------------------------------------------------

Utilization Design Information

Table of Contents
-----------------
1. Utilization by Hierarchy

1. Utilization by Hierarchy
---------------------------

+------------------+--------------------------+------------+------------+---------+------+-----+--------+--------+------------+
|     Instance     |          Module          | Total LUTs | Logic LUTs | LUTRAMs | SRLs | FFs | RAMB36 | RAMB18 | DSP Blocks |
+------------------+--------------------------+------------+------------+---------+------+-----+--------+--------+------------+
| top_level        |                    (top) |        249 |        249 |       0 |    0 | 259 |      0 |      0 |          0 |
|   (top_level)    |                    (top) |         21 |         21 |       0 |    0 |  82 |      0 |      0 |          0 |
|   mssc           | seven_segment_controller |         28 |         28 |       0 |    0 |  28 |      0 |      0 |          0 |
|   phy_to_mac     |                  ether_4 |        166 |        166 |       0 |    0 | 120 |      0 |      0 |          0 |
|     (phy_to_mac) |                  ether_4 |        136 |        136 |       0 |    0 |  88 |      0 |      0 |          0 |
|     checksum     |                    crc32 |         30 |         30 |       0 |    0 |  32 |      0 |      0 |          0 |
|   uut            |                   spi_tx |         34 |         34 |       0 |    0 |  29 |      0 |      0 |          0 |
+------------------+--------------------------+------------+------------+---------+------+-----+--------+--------+------------+


